TN:
SF:src\modules\ordination\services\OrdinationService.ts
FN:72,__decorate
FN:72,__metadata
FN:72,__param
FN:8,OrdinationService
FN:13,execute
FN:30,negativeNumbers
FN:36,getIncreasingOrderedPairs
FN:51,geOddSortedDescending
FN:65,compararNumeros
FNF:9
FNH:9
FNDA:1,__decorate
FNDA:1,__metadata
FNDA:1,__param
FNDA:2,OrdinationService
FNDA:2,execute
FNDA:2,negativeNumbers
FNDA:1,getIncreasingOrderedPairs
FNDA:1,geOddSortedDescending
FNDA:20,compararNumeros
DA:1,1
DA:2,1
DA:3,1
DA:4,1
DA:5,1
DA:6,1
DA:7,1
DA:8,1
DA:9,2
DA:10,2
DA:11,2
DA:12,1
DA:13,1
DA:14,2
DA:15,2
DA:16,2
DA:17,2
DA:18,2
DA:19,1
DA:20,1
DA:21,1
DA:22,1
DA:23,1
DA:24,1
DA:25,1
DA:26,1
DA:27,1
DA:28,0
DA:29,1
DA:30,1
DA:31,2
DA:32,2
DA:33,0
DA:34,1
DA:35,1
DA:36,1
DA:37,1
DA:38,1
DA:39,1
DA:40,1
DA:41,1
DA:42,12
DA:43,7
DA:44,7
DA:45,1
DA:46,1
DA:47,1
DA:48,0
DA:49,1
DA:50,1
DA:51,1
DA:52,1
DA:53,1
DA:54,1
DA:55,1
DA:56,1
DA:57,12
DA:58,5
DA:59,5
DA:60,1
DA:61,1
DA:62,1
DA:63,0
DA:64,1
DA:65,1
DA:66,20
DA:67,20
DA:68,1
DA:69,1
DA:70,1
DA:71,1
DA:72,1
LF:72
LH:68
BRDA:72,0,0,1
BRDA:72,1,0,1
BRDA:72,2,0,0
BRDA:72,3,0,0
BRDA:72,4,0,0
BRDA:72,5,0,0
BRDA:72,6,0,1
BRDA:72,7,0,1
BRDA:72,8,0,1
BRDA:8,9,0,2
BRDA:13,10,0,2
BRDA:18,11,0,1
BRDA:27,12,0,0
BRDA:30,13,0,2
BRDA:32,14,0,0
BRDA:31,15,0,13
BRDA:36,16,0,1
BRDA:47,17,0,0
BRDA:41,18,0,12
BRDA:42,19,0,7
BRDA:51,20,0,1
BRDA:62,21,0,0
BRDA:56,22,0,12
BRDA:57,23,0,5
BRDA:65,24,0,20
BRF:25
BRH:17
end_of_record
