TN:
SF:src\modules\ordenacao\services\OrdenacaoService.ts
FN:76,__decorate
FN:76,__metadata
FN:76,__param
FN:8,OrdenacaoService
FN:13,execute
FN:32,existeNumerosNegativos
FN:40,obterParesOrdenadosCrescente
FN:55,obterImparesOrdenadosDecrescente
FN:69,compararNumeros
FNF:9
FNH:9
FNDA:1,__decorate
FNDA:1,__metadata
FNDA:1,__param
FNDA:2,OrdenacaoService
FNDA:2,execute
FNDA:2,existeNumerosNegativos
FNDA:1,obterParesOrdenadosCrescente
FNDA:1,obterImparesOrdenadosDecrescente
FNDA:20,compararNumeros
DA:1,1
DA:2,1
DA:3,1
DA:4,1
DA:5,1
DA:6,1
DA:7,1
DA:8,1
DA:9,2
DA:10,2
DA:11,2
DA:12,1
DA:13,1
DA:14,2
DA:15,2
DA:16,2
DA:17,2
DA:18,1
DA:19,1
DA:20,1
DA:21,1
DA:22,1
DA:23,1
DA:24,1
DA:25,1
DA:26,1
DA:27,1
DA:28,1
DA:29,1
DA:30,0
DA:31,1
DA:32,1
DA:33,2
DA:34,2
DA:35,2
DA:36,2
DA:37,0
DA:38,1
DA:39,1
DA:40,1
DA:41,1
DA:42,1
DA:43,1
DA:44,1
DA:45,1
DA:46,12
DA:47,7
DA:48,7
DA:49,1
DA:50,1
DA:51,1
DA:52,0
DA:53,1
DA:54,1
DA:55,1
DA:56,1
DA:57,1
DA:58,1
DA:59,1
DA:60,1
DA:61,12
DA:62,5
DA:63,5
DA:64,1
DA:65,1
DA:66,1
DA:67,0
DA:68,1
DA:69,1
DA:70,20
DA:71,20
DA:72,1
DA:73,1
DA:74,1
DA:75,1
DA:76,1
LF:76
LH:72
BRDA:76,0,0,1
BRDA:76,1,0,1
BRDA:76,2,0,0
BRDA:76,3,0,0
BRDA:76,4,0,0
BRDA:76,5,0,0
BRDA:76,6,0,1
BRDA:76,7,0,1
BRDA:76,8,0,1
BRDA:8,9,0,2
BRDA:13,10,0,2
BRDA:17,11,0,1
BRDA:29,12,0,0
BRDA:32,13,0,2
BRDA:36,14,0,0
BRDA:34,15,0,13
BRDA:40,16,0,1
BRDA:51,17,0,0
BRDA:45,18,0,12
BRDA:46,19,0,7
BRDA:55,20,0,1
BRDA:66,21,0,0
BRDA:60,22,0,12
BRDA:61,23,0,5
BRDA:69,24,0,20
BRF:25
BRH:17
end_of_record
